2018-04-29 10:57:38.745 [main] INFO  com.qima.o2o.dao.ShopDaoTest - Starting ShopDaoTest on DESKTOP-HQB24R0 with PID 159652 (started by xueqiang in G:\Qima\qimagit\o2o)
2018-04-29 10:57:38.749 [main] INFO  com.qima.o2o.dao.ShopDaoTest - No active profile set, falling back to default profiles: default
2018-04-29 11:00:14.518 [main] INFO  com.qima.o2o.dao.ShopDaoTest - Starting ShopDaoTest on DESKTOP-HQB24R0 with PID 155980 (started by xueqiang in G:\Qima\qimagit\o2o)
2018-04-29 11:00:14.519 [main] INFO  com.qima.o2o.dao.ShopDaoTest - No active profile set, falling back to default profiles: default
2018-04-29 11:00:21.245 [main] INFO  com.qima.o2o.dao.ShopDaoTest - Started ShopDaoTest in 7.143 seconds (JVM running for 8.385)
2018-04-29 11:09:29.517 [main] INFO  com.qima.o2o.dao.ShopDaoTest - Starting ShopDaoTest on DESKTOP-HQB24R0 with PID 164048 (started by xueqiang in G:\Qima\qimagit\o2o)
2018-04-29 11:09:29.520 [main] INFO  com.qima.o2o.dao.ShopDaoTest - No active profile set, falling back to default profiles: default
2018-04-29 11:09:36.260 [main] INFO  com.qima.o2o.dao.ShopDaoTest - Started ShopDaoTest in 7.39 seconds (JVM running for 8.593)
2018-04-29 11:15:51.945 [main] INFO  com.qima.o2o.dao.ShopDaoTest - Starting ShopDaoTest on DESKTOP-HQB24R0 with PID 166956 (started by xueqiang in G:\Qima\qimagit\o2o)
2018-04-29 11:15:51.947 [main] INFO  com.qima.o2o.dao.ShopDaoTest - No active profile set, falling back to default profiles: default
2018-04-29 11:15:59.063 [main] INFO  com.qima.o2o.dao.ShopDaoTest - Started ShopDaoTest in 7.466 seconds (JVM running for 8.875)
2018-04-29 11:22:26.384 [main] INFO  com.qima.o2o.dao.ShopDaoTest - Starting ShopDaoTest on DESKTOP-HQB24R0 with PID 167860 (started by xueqiang in G:\Qima\qimagit\o2o)
2018-04-29 11:22:26.385 [main] INFO  com.qima.o2o.dao.ShopDaoTest - No active profile set, falling back to default profiles: default
2018-04-29 11:22:32.685 [main] INFO  com.qima.o2o.dao.ShopDaoTest - Started ShopDaoTest in 6.657 seconds (JVM running for 8.68)
2018-04-29 11:23:12.408 [main] INFO  com.qima.o2o.dao.ShopDaoTest - Starting ShopDaoTest on DESKTOP-HQB24R0 with PID 167376 (started by xueqiang in G:\Qima\qimagit\o2o)
2018-04-29 11:23:12.409 [main] INFO  com.qima.o2o.dao.ShopDaoTest - No active profile set, falling back to default profiles: default
2018-04-29 11:23:18.293 [main] INFO  com.qima.o2o.dao.ShopDaoTest - Started ShopDaoTest in 6.214 seconds (JVM running for 7.301)
2018-04-29 11:23:46.487 [main] INFO  com.qima.o2o.dao.ShopDaoTest - Starting ShopDaoTest on DESKTOP-HQB24R0 with PID 166544 (started by xueqiang in G:\Qima\qimagit\o2o)
2018-04-29 11:23:46.488 [main] INFO  com.qima.o2o.dao.ShopDaoTest - No active profile set, falling back to default profiles: default
2018-04-29 11:23:52.076 [main] INFO  com.qima.o2o.dao.ShopDaoTest - Started ShopDaoTest in 6.157 seconds (JVM running for 7.383)
2018-04-29 11:28:32.259 [main] INFO  com.qima.o2o.dao.ShopDaoTest - Starting ShopDaoTest on DESKTOP-HQB24R0 with PID 167396 (started by xueqiang in G:\Qima\qimagit\o2o)
2018-04-29 11:28:32.259 [main] INFO  com.qima.o2o.dao.ShopDaoTest - No active profile set, falling back to default profiles: default
2018-04-29 11:28:39.012 [main] INFO  com.qima.o2o.dao.ShopDaoTest - Started ShopDaoTest in 7.22 seconds (JVM running for 8.881)
2018-04-29 11:32:25.596 [main] INFO  com.qima.o2o.dao.ShopDaoTest - Starting ShopDaoTest on DESKTOP-HQB24R0 with PID 162324 (started by xueqiang in G:\Qima\qimagit\o2o)
2018-04-29 11:32:25.598 [main] INFO  com.qima.o2o.dao.ShopDaoTest - No active profile set, falling back to default profiles: default
2018-04-29 11:32:32.248 [main] INFO  com.qima.o2o.dao.ShopDaoTest - Started ShopDaoTest in 7.075 seconds (JVM running for 8.192)
2018-04-29 11:37:00.399 [main] INFO  com.qima.o2o.dao.AreaDaoTest - Starting AreaDaoTest on DESKTOP-HQB24R0 with PID 164740 (started by xueqiang in G:\Qima\qimagit\o2o)
2018-04-29 11:37:00.400 [main] INFO  com.qima.o2o.dao.AreaDaoTest - No active profile set, falling back to default profiles: default
2018-04-29 11:37:07.271 [main] INFO  com.qima.o2o.dao.AreaDaoTest - Started AreaDaoTest in 7.382 seconds (JVM running for 8.52)
2018-04-29 11:39:16.327 [main] INFO  com.qima.o2o.dao.AreaDaoTest - Starting AreaDaoTest on DESKTOP-HQB24R0 with PID 164952 (started by xueqiang in G:\Qima\qimagit\o2o)
2018-04-29 11:39:16.328 [main] INFO  com.qima.o2o.dao.AreaDaoTest - No active profile set, falling back to default profiles: default
2018-04-29 11:39:22.717 [main] INFO  com.qima.o2o.dao.AreaDaoTest - Started AreaDaoTest in 6.983 seconds (JVM running for 8.76)
2018-04-29 11:39:53.667 [main] INFO  com.qima.o2o.dao.ShopDaoTest - Starting ShopDaoTest on DESKTOP-HQB24R0 with PID 166684 (started by xueqiang in G:\Qima\qimagit\o2o)
2018-04-29 11:39:53.668 [main] INFO  com.qima.o2o.dao.ShopDaoTest - No active profile set, falling back to default profiles: default
2018-04-29 11:39:59.944 [main] INFO  com.qima.o2o.dao.ShopDaoTest - Started ShopDaoTest in 6.612 seconds (JVM running for 8.14)
2018-04-29 11:47:16.272 [main] INFO  com.qima.o2o.dao.AreaDaoTest - Starting AreaDaoTest on DESKTOP-HQB24R0 with PID 167624 (started by xueqiang in G:\Qima\qimagit\o2o)
2018-04-29 11:47:16.282 [main] INFO  com.qima.o2o.dao.AreaDaoTest - No active profile set, falling back to default profiles: default
2018-04-29 11:47:22.499 [main] INFO  com.qima.o2o.dao.AreaDaoTest - Started AreaDaoTest in 6.782 seconds (JVM running for 8.012)
2018-04-29 11:48:06.312 [main] INFO  com.qima.o2o.dao.AreaDaoTest - Starting AreaDaoTest on DESKTOP-HQB24R0 with PID 166972 (started by xueqiang in G:\Qima\qimagit\o2o)
2018-04-29 11:48:06.313 [main] INFO  com.qima.o2o.dao.AreaDaoTest - No active profile set, falling back to default profiles: default
2018-04-29 11:48:12.344 [main] INFO  com.qima.o2o.dao.AreaDaoTest - Started AreaDaoTest in 6.675 seconds (JVM running for 8.236)
2018-04-29 11:50:41.276 [main] INFO  com.qima.o2o.dao.AreaDaoTest - Starting AreaDaoTest on DESKTOP-HQB24R0 with PID 166340 (started by xueqiang in G:\Qima\qimagit\o2o)
2018-04-29 11:50:41.277 [main] INFO  com.qima.o2o.dao.AreaDaoTest - No active profile set, falling back to default profiles: default
2018-04-29 11:50:47.805 [main] INFO  com.qima.o2o.dao.AreaDaoTest - Started AreaDaoTest in 6.923 seconds (JVM running for 8.518)
2018-04-29 11:53:04.181 [main] INFO  com.qima.o2o.dao.AreaDaoTest - Starting AreaDaoTest on DESKTOP-HQB24R0 with PID 167028 (started by xueqiang in G:\Qima\qimagit\o2o)
2018-04-29 11:53:04.183 [main] INFO  com.qima.o2o.dao.AreaDaoTest - No active profile set, falling back to default profiles: default
2018-04-29 11:53:10.374 [main] INFO  com.qima.o2o.dao.AreaDaoTest - Started AreaDaoTest in 6.592 seconds (JVM running for 7.739)
2018-04-29 11:56:29.266 [main] INFO  com.qima.o2o.dao.AwardDaoTest - Starting AwardDaoTest on DESKTOP-HQB24R0 with PID 155200 (started by xueqiang in G:\Qima\qimagit\o2o)
2018-04-29 11:56:29.267 [main] INFO  com.qima.o2o.dao.AwardDaoTest - No active profile set, falling back to default profiles: default
2018-04-29 11:56:35.771 [main] INFO  com.qima.o2o.dao.AwardDaoTest - Started AwardDaoTest in 6.915 seconds (JVM running for 8.056)
2018-04-29 11:59:45.743 [main] INFO  com.qima.o2o.dao.AreaDaoTest - Starting AreaDaoTest on DESKTOP-HQB24R0 with PID 167972 (started by xueqiang in G:\Qima\qimagit\o2o)
2018-04-29 11:59:45.744 [main] INFO  com.qima.o2o.dao.AreaDaoTest - No active profile set, falling back to default profiles: default
2018-04-29 11:59:52.129 [main] INFO  com.qima.o2o.dao.AreaDaoTest - Started AreaDaoTest in 6.703 seconds (JVM running for 8.573)
2018-04-29 12:06:22.560 [main] INFO  com.qima.o2o.dao.ShopDaoTest - Starting ShopDaoTest on DESKTOP-HQB24R0 with PID 168896 (started by xueqiang in G:\Qima\qimagit\o2o)
2018-04-29 12:06:22.560 [main] INFO  com.qima.o2o.dao.ShopDaoTest - No active profile set, falling back to default profiles: default
2018-04-29 12:06:29.170 [main] INFO  com.qima.o2o.dao.ShopDaoTest - Started ShopDaoTest in 6.978 seconds (JVM running for 8.763)
2018-04-29 12:15:37.838 [main] INFO  com.qima.o2o.dao.AreaDaoTest - Starting AreaDaoTest on DESKTOP-HQB24R0 with PID 153548 (started by xueqiang in G:\Qima\qimagit\o2o)
2018-04-29 12:15:37.838 [main] INFO  com.qima.o2o.dao.AreaDaoTest - No active profile set, falling back to default profiles: default
2018-04-29 12:15:44.135 [main] INFO  com.qima.o2o.dao.AreaDaoTest - Started AreaDaoTest in 6.64 seconds (JVM running for 7.723)
2018-04-29 12:16:37.048 [main] INFO  com.qima.o2o.dao.AreaDaoTest - Starting AreaDaoTest on DESKTOP-HQB24R0 with PID 168400 (started by xueqiang in G:\Qima\qimagit\o2o)
2018-04-29 12:16:37.050 [main] INFO  com.qima.o2o.dao.AreaDaoTest - No active profile set, falling back to default profiles: default
2018-04-29 12:16:43.284 [main] INFO  com.qima.o2o.dao.AreaDaoTest - Started AreaDaoTest in 6.642 seconds (JVM running for 7.741)
2018-04-29 12:18:31.003 [main] INFO  com.qima.o2o.dao.ShopDaoTest - Starting ShopDaoTest on DESKTOP-HQB24R0 with PID 168924 (started by xueqiang in G:\Qima\qimagit\o2o)
2018-04-29 12:18:31.004 [main] INFO  com.qima.o2o.dao.ShopDaoTest - No active profile set, falling back to default profiles: default
2018-04-29 12:18:37.196 [main] INFO  com.qima.o2o.dao.ShopDaoTest - Started ShopDaoTest in 6.575 seconds (JVM running for 8.249)
2018-04-29 12:22:02.520 [main] INFO  com.qima.o2o.dao.ShopDaoTest - Starting ShopDaoTest on DESKTOP-HQB24R0 with PID 150508 (started by xueqiang in G:\Qima\qimagit\o2o)
2018-04-29 12:22:02.539 [main] INFO  com.qima.o2o.dao.ShopDaoTest - No active profile set, falling back to default profiles: default
2018-04-29 12:22:08.208 [main] INFO  com.qima.o2o.dao.ShopDaoTest - Started ShopDaoTest in 6.409 seconds (JVM running for 7.517)
2018-04-29 12:25:45.057 [main] INFO  com.qima.o2o.dao.ShopDaoTest - Starting ShopDaoTest on DESKTOP-HQB24R0 with PID 168100 (started by xueqiang in G:\Qima\qimagit\o2o)
2018-04-29 12:25:45.058 [main] INFO  com.qima.o2o.dao.ShopDaoTest - No active profile set, falling back to default profiles: default
2018-04-29 12:25:51.539 [main] INFO  com.qima.o2o.dao.ShopDaoTest - Started ShopDaoTest in 6.849 seconds (JVM running for 8.015)
2018-04-29 12:30:05.944 [main] INFO  com.qima.o2o.dao.AreaDaoTest - Starting AreaDaoTest on DESKTOP-HQB24R0 with PID 159736 (started by xueqiang in G:\Qima\qimagit\o2o)
2018-04-29 12:30:05.946 [main] INFO  com.qima.o2o.dao.AreaDaoTest - No active profile set, falling back to default profiles: default
2018-04-29 12:30:12.269 [main] INFO  com.qima.o2o.dao.AreaDaoTest - Started AreaDaoTest in 6.685 seconds (JVM running for 7.877)
2018-04-29 12:33:38.028 [main] INFO  com.qima.o2o.dao.ShopDaoTest - Starting ShopDaoTest on DESKTOP-HQB24R0 with PID 9804 (started by xueqiang in G:\Qima\qimagit\o2o)
2018-04-29 12:33:38.029 [main] INFO  com.qima.o2o.dao.ShopDaoTest - No active profile set, falling back to default profiles: default
2018-04-29 12:33:44.642 [main] INFO  com.qima.o2o.dao.ShopDaoTest - Started ShopDaoTest in 7.026 seconds (JVM running for 8.183)
2018-04-29 12:36:39.673 [main] INFO  com.qima.o2o.dao.ShopDaoTest - Starting ShopDaoTest on DESKTOP-HQB24R0 with PID 168808 (started by xueqiang in G:\Qima\qimagit\o2o)
2018-04-29 12:36:39.676 [main] INFO  com.qima.o2o.dao.ShopDaoTest - No active profile set, falling back to default profiles: default
2018-04-29 12:36:52.005 [main] INFO  com.qima.o2o.dao.ShopDaoTest - Started ShopDaoTest in 12.788 seconds (JVM running for 14.605)
2018-04-29 12:38:13.743 [main] INFO  com.qima.o2o.dao.AreaDaoTest - Starting AreaDaoTest on DESKTOP-HQB24R0 with PID 166924 (started by xueqiang in G:\Qima\qimagit\o2o)
2018-04-29 12:38:13.745 [main] INFO  com.qima.o2o.dao.AreaDaoTest - No active profile set, falling back to default profiles: default
2018-04-29 12:38:25.544 [main] INFO  com.qima.o2o.dao.AreaDaoTest - Started AreaDaoTest in 12.193 seconds (JVM running for 14.143)
2018-04-29 12:43:01.820 [main] INFO  com.qima.o2o.dao.ShopDaoTest - Starting ShopDaoTest on DESKTOP-HQB24R0 with PID 157320 (started by xueqiang in G:\Qima\qimagit\o2o)
2018-04-29 12:43:01.822 [main] INFO  com.qima.o2o.dao.ShopDaoTest - No active profile set, falling back to default profiles: default
2018-04-29 12:43:10.964 [main] INFO  com.qima.o2o.dao.ShopDaoTest - Started ShopDaoTest in 9.538 seconds (JVM running for 10.614)
2018-04-29 12:52:15.002 [main] INFO  com.qima.o2o.dao.ShopDaoTest - Starting ShopDaoTest on DESKTOP-HQB24R0 with PID 167812 (started by xueqiang in G:\Qima\qimagit\o2o)
2018-04-29 12:52:15.003 [main] INFO  com.qima.o2o.dao.ShopDaoTest - No active profile set, falling back to default profiles: default
2018-04-29 12:52:21.772 [main] INFO  com.qima.o2o.dao.ShopDaoTest - Started ShopDaoTest in 7.167 seconds (JVM running for 8.302)
2018-04-29 12:54:43.751 [main] INFO  com.qima.o2o.dao.ShopDaoTest - Starting ShopDaoTest on DESKTOP-HQB24R0 with PID 169508 (started by xueqiang in G:\Qima\qimagit\o2o)
2018-04-29 12:54:43.752 [main] INFO  com.qima.o2o.dao.ShopDaoTest - No active profile set, falling back to default profiles: default
2018-04-29 12:54:50.410 [main] INFO  com.qima.o2o.dao.ShopDaoTest - Started ShopDaoTest in 7.016 seconds (JVM running for 8.137)
2018-04-29 12:55:43.182 [main] INFO  com.qima.o2o.dao.ShopDaoTest - Starting ShopDaoTest on DESKTOP-HQB24R0 with PID 169832 (started by xueqiang in G:\Qima\qimagit\o2o)
2018-04-29 12:55:43.183 [main] INFO  com.qima.o2o.dao.ShopDaoTest - No active profile set, falling back to default profiles: default
2018-04-29 12:55:49.698 [main] INFO  com.qima.o2o.dao.ShopDaoTest - Started ShopDaoTest in 6.87 seconds (JVM running for 8.097)
2018-04-29 12:58:33.352 [main] INFO  com.qima.o2o.dao.ShopDaoTest - Starting ShopDaoTest on DESKTOP-HQB24R0 with PID 166696 (started by xueqiang in G:\Qima\qimagit\o2o)
2018-04-29 12:58:33.352 [main] INFO  com.qima.o2o.dao.ShopDaoTest - No active profile set, falling back to default profiles: default
2018-04-29 12:58:40.228 [main] INFO  com.qima.o2o.dao.ShopDaoTest - Started ShopDaoTest in 7.214 seconds (JVM running for 8.523)
2018-04-29 13:00:35.541 [main] INFO  com.qima.o2o.dao.ShopDaoTest - Starting ShopDaoTest on DESKTOP-HQB24R0 with PID 168984 (started by xueqiang in G:\Qima\qimagit\o2o)
2018-04-29 13:00:35.542 [main] INFO  com.qima.o2o.dao.ShopDaoTest - No active profile set, falling back to default profiles: default
2018-04-29 13:00:41.633 [main] INFO  com.qima.o2o.dao.ShopDaoTest - Started ShopDaoTest in 6.437 seconds (JVM running for 7.511)
2018-04-29 20:47:28.701 [main] INFO  com.qima.o2o.dao.ShopDaoTest - Starting ShopDaoTest on DESKTOP-HQB24R0 with PID 171080 (started by xueqiang in G:\Qima\qimagit\o2o)
2018-04-29 20:47:28.718 [main] INFO  com.qima.o2o.dao.ShopDaoTest - No active profile set, falling back to default profiles: default
2018-04-29 20:47:36.906 [main] INFO  com.qima.o2o.dao.ShopDaoTest - Started ShopDaoTest in 8.896 seconds (JVM running for 10.297)
